Arguments: 
  C:\Program Files\nodejs\node.exe C:\Users\morytop\AppData\Roaming\npm\node_modules\yarn\bin\yarn.js run tests:allure

PATH: 
  C:\Program Files (x86)\Common Files\Oracle\Java\javapath;C:\Program Files\Python37\Scripts\;C:\Program Files\Python37\;C:\Program Files (x86)\Intel\iCLS Client\;C:\Program Files\Intel\iCLS Client\;C:\Windows\system32;C:\Windows;C:\Windows\System32\Wbem;C:\Windows\System32\WindowsPowerShell\v1.0\;C:\Program Files (x86)\Intel\Intel(R) Management Engine Components\DAL;C:\Program Files\Intel\Intel(R) Management Engine Components\DAL;C:\Program Files (x86)\Intel\Intel(R) Management Engine Components\IPT;C:\Program Files\Intel\Intel(R) Management Engine Components\IPT;C:\Program Files (x86)\NVIDIA Corporation\PhysX\Common;C:\WINDOWS\system32;C:\WINDOWS;C:\WINDOWS\System32\Wbem;C:\WINDOWS\System32\WindowsPowerShell\v1.0\;C:\WINDOWS\System32\OpenSSH\;C:\Program Files\PuTTY\;C:\Program Files\Git\cmd;C:\Program Files\nodejs\;C:\Users\morytop\AppData\Local\Programs\Python\Python38-32\Scripts\;C:\Users\morytop\AppData\Local\Programs\Python\Python38-32\;C:\Users\morytop\AppData\Local\Microsoft\WindowsApps;;C:\Users\morytop\AppData\Local\Programs\Microsoft VS Code\bin;C:\Users\morytop\AppData\Roaming\npm

Yarn version: 
  1.22.17

Node version: 
  16.15.0

Platform: 
  win32 x64

Trace: 
  SyntaxError: C:\Projekty\automation-project\package.json: Unexpected string in JSON at position 279
      at JSON.parse (<anonymous>)
      at C:\Users\morytop\AppData\Roaming\npm\node_modules\yarn\lib\cli.js:1625:59
      at Generator.next (<anonymous>)
      at step (C:\Users\morytop\AppData\Roaming\npm\node_modules\yarn\lib\cli.js:310:30)
      at C:\Users\morytop\AppData\Roaming\npm\node_modules\yarn\lib\cli.js:321:13

npm manifest: 
  {
    "name": "automation-project",
    "version": "1.0.0",
    "description": "",
    "main": "index.js",
    "scripts": {
      "tests": "env-cmd -f dev.env npx playwright test e2e/",
      "tests:allure": "env-cmd -f dev.env npx playwright test e2e/  --reporter=line,allure-playwright"
      "tests:debug": "env-cmd -f dev.env npx playwright test e2e/ --debug --project=chromium",
      "tests:ch": "env-cmd -f dev.env npx playwright test e2e/  --project=chromium",
      "tests:ff": "env-cmd -f dev.env  npx playwright test e2e/  --project=firefox",
      "tests:wk": "env-cmd -f dev.env  npx playwright test e2e/  --project=webkit"
    },
    "keywords": [
      "playwright",
      "js",
      "api",
      "tests",
      "e2e"
    ],
    "repository": {
      "type": "git",
      "url": "https://github.com/morytop/automation-project.git"
    },
    "author": "Piotr Moryto",
    "license": "ISC",
    "devDependencies": {
      "@faker-js/faker": "^6.3.1",
      "@playwright/test": "^1.22.2",
      "allure-playwright": "^2.0.0-beta.16"
    },
    "dependencies": {
      "dotenv": "^16.0.0",
      "env-cmd": "^10.1.0",
      "yarn": "^1.22.18"
    }
  }

yarn manifest: 
  No manifest

Lockfile: 
  # THIS IS AN AUTOGENERATED FILE. DO NOT EDIT THIS FILE DIRECTLY.
  # yarn lockfile v1
  
  
  "@faker-js/faker@^6.3.1":
    "integrity" "sha512-8YXBE2ZcU/pImVOHX7MWrSR/X5up7t6rPWZlk34RwZEcdr3ua6X+32pSd6XuOQRN+vbuvYNfA6iey8NbrjuMFQ=="
    "resolved" "https://registry.npmjs.org/@faker-js/faker/-/faker-6.3.1.tgz"
    "version" "6.3.1"
  
  "@playwright/test@^1.22.2":
    "integrity" "sha512-cCl96BEBGPtptFz7C2FOSN3PrTnJ3rPpENe+gYCMx4GNNDlN4tmo2D89y13feGKTMMAIVrXfSQ/UmaQKLy1XLA=="
    "resolved" "https://registry.npmjs.org/@playwright/test/-/test-1.22.2.tgz"
    "version" "1.22.2"
    dependencies:
      "@types/node" "*"
      "playwright-core" "1.22.2"
  
  "@types/node@*":
    "integrity" "sha512-vu1SrqBjbbZ3J6vwY17jBs8Sr/BKA+/a/WtjRG+whKg1iuLFOosq872EXS0eXWILdO36DHQQeku/ZcL6hz2fpg=="
    "resolved" "https://registry.npmjs.org/@types/node/-/node-17.0.35.tgz"
    "version" "17.0.35"
  
  "allure-js-commons@2.0.0-beta.16":
    "integrity" "sha512-biAFm8FugPMA0THZpsWLdi+F8n1BeUTYkkpmQ4ZqUAKeg2xcw5arM0Qa4rq6Qs0HPLbdVS9Jj8fb7e/ahCr/Ig=="
    "resolved" "https://registry.npmjs.org/allure-js-commons/-/allure-js-commons-2.0.0-beta.16.tgz"
    "version" "2.0.0-beta.16"
    dependencies:
      "mkdirp" "^1.0.4"
      "properties" "^1.2.1"
      "uuid" "^8.3.0"
  
  "allure-playwright@^2.0.0-beta.16":
    "integrity" "sha512-0Nj2BLIIRFUCZn7CGSXYa7d1M+phmSzUwMD3fbHVxO+q10vNrY8Hf5IT2ITwWMtUHaTAE6uH58GPsa6DB9N3Xw=="
    "resolved" "https://registry.npmjs.org/allure-playwright/-/allure-playwright-2.0.0-beta.16.tgz"
    "version" "2.0.0-beta.16"
    dependencies:
      "allure-js-commons" "2.0.0-beta.16"
  
  "commander@^4.0.0":
    "integrity" "sha512-NOKm8xhkzAjzFx8B2v5OAHT+u5pRQc2UCa2Vq9jYL/31o2wi9mxBA7LIFs3sV5VSC49z6pEhfbMULvShKj26WA=="
    "resolved" "https://registry.npmjs.org/commander/-/commander-4.1.1.tgz"
    "version" "4.1.1"
  
  "cross-spawn@^7.0.0":
    "integrity" "sha512-iRDPJKUPVEND7dHPO8rkbOnPpyDygcDFtWjpeWNCgy8WP2rXcxXL8TskReQl6OrB2G7+UJrags1q15Fudc7G6w=="
    "resolved" "https://registry.npmjs.org/cross-spawn/-/cross-spawn-7.0.3.tgz"
    "version" "7.0.3"
    dependencies:
      "path-key" "^3.1.0"
      "shebang-command" "^2.0.0"
      "which" "^2.0.1"
  
  "dotenv@^16.0.0":
    "integrity" "sha512-qD9WU0MPM4SWLPJy/r2Be+2WgQj8plChsyrCNQzW/0WjvcJQiKQJ9mH3ZgB3fxbUUxgc/11ZJ0Fi5KiimWGz2Q=="
    "resolved" "https://registry.npmjs.org/dotenv/-/dotenv-16.0.0.tgz"
    "version" "16.0.0"
  
  "env-cmd@^10.1.0":
    "integrity" "sha512-mMdWTT9XKN7yNth/6N6g2GuKuJTsKMDHlQFUDacb/heQRRWOTIZ42t1rMHnQu4jYxU1ajdTeJM+9eEETlqToMA=="
    "resolved" "https://registry.npmjs.org/env-cmd/-/env-cmd-10.1.0.tgz"
    "version" "10.1.0"
    dependencies:
      "commander" "^4.0.0"
      "cross-spawn" "^7.0.0"
  
  "isexe@^2.0.0":
    "integrity" "sha1-6PvzdNxVb/iUehDcsFctYz8s+hA="
    "resolved" "https://registry.npmjs.org/isexe/-/isexe-2.0.0.tgz"
    "version" "2.0.0"
  
  "mkdirp@^1.0.4":
    "integrity" "sha512-vVqVZQyf3WLx2Shd0qJ9xuvqgAyKPLAiqITEtqW0oIUjzo3PePDd6fW9iFz30ef7Ysp/oiWqbhszeGWW2T6Gzw=="
    "resolved" "https://registry.npmjs.org/mkdirp/-/mkdirp-1.0.4.tgz"
    "version" "1.0.4"
  
  "path-key@^3.1.0":
    "integrity" "sha512-ojmeN0qd+y0jszEtoY48r0Peq5dwMEkIlCOu6Q5f41lfkswXuKtYrhgoTpLnyIcHm24Uhqx+5Tqm2InSwLhE6Q=="
    "resolved" "https://registry.npmjs.org/path-key/-/path-key-3.1.1.tgz"
    "version" "3.1.1"
  
  "playwright-core@1.22.2":
    "integrity" "sha512-w/hc/Ld0RM4pmsNeE6aL/fPNWw8BWit2tg+TfqJ3+p59c6s3B6C8mXvXrIPmfQEobkcFDc+4KirNzOQ+uBSP1Q=="
    "resolved" "https://registry.npmjs.org/playwright-core/-/playwright-core-1.22.2.tgz"
    "version" "1.22.2"
  
  "properties@^1.2.1":
    "integrity" "sha1-Dul6f8AgsaKlW4ZZ7aSqjYaQlL0="
    "resolved" "https://registry.npmjs.org/properties/-/properties-1.2.1.tgz"
    "version" "1.2.1"
  
  "shebang-command@^2.0.0":
    "integrity" "sha512-kHxr2zZpYtdmrN1qDjrrX/Z1rR1kG8Dx+gkpK1G4eXmvXswmcE1hTWBWYUzlraYw1/yZp6YuDY77YtvbN0dmDA=="
    "resolved" "https://registry.npmjs.org/shebang-command/-/shebang-command-2.0.0.tgz"
    "version" "2.0.0"
    dependencies:
      "shebang-regex" "^3.0.0"
  
  "shebang-regex@^3.0.0":
    "integrity" "sha512-7++dFhtcx3353uBaq8DDR4NuxBetBzC7ZQOhmTQInHEd6bSrXdiEyzCvG07Z44UYdLShWUyXt5M/yhz8ekcb1A=="
    "resolved" "https://registry.npmjs.org/shebang-regex/-/shebang-regex-3.0.0.tgz"
    "version" "3.0.0"
  
  "uuid@^8.3.0":
    "integrity" "sha512-+NYs2QeMWy+GWFOEm9xnn6HCDp0l7QBD7ml8zLUmJ+93Q5NF0NocErnwkTkXVFNiX3/fpC6afS8Dhb/gz7R7eg=="
    "resolved" "https://registry.npmjs.org/uuid/-/uuid-8.3.2.tgz"
    "version" "8.3.2"
  
  "which@^2.0.1":
    "integrity" "sha512-BLI3Tl1TW3Pvl70l3yq3Y64i+awpwXqsGBYWkkqMtnbXgrMD+yj7rhW0kuEDxzJaYXGjEW5ogapKNMEKNMjibA=="
    "resolved" "https://registry.npmjs.org/which/-/which-2.0.2.tgz"
    "version" "2.0.2"
    dependencies:
      "isexe" "^2.0.0"
  
  "yarn@^1.22.18":
    "integrity" "sha512-oFffv6Jp2+BTUBItzx1Z0dpikTX+raRdqupfqzeMKnoh7WD6RuPAxcqDkMUy9vafJkrB0YaV708znpuMhEBKGQ=="
    "resolved" "https://registry.npmjs.org/yarn/-/yarn-1.22.18.tgz"
    "version" "1.22.18"
